
 ==============================
 S N O P T  7.2-12.3 (Aug 2014)
 ==============================
 print.out
 XXX  Keyword not recognized:         PRINT.OUT
 summary.out
 XXX  Keyword not recognized:         SUMMARY.OUT
 
 SNMEMA EXIT 100 -- finished successfully
 SNMEMA INFO 104 -- memory requirements estimated
 
 

 Nonlinear constraints     325     Linear constraints       1
 Nonlinear variables        50     Linear variables         0
 Jacobian  variables        50     Objective variables     50
 Total constraints         326     Total variables         50
 

 
 The user has defined   16300   out of   16300   first  derivatives
 

 Major Minors     Step   nCon Feasible  Optimal  MeritFunction    nS Penalty
     0     39               1  5.0E-02  7.1E-03 -2.1690133E+00    33           r
     1      1  5.4E-03      2  5.0E-02  7.1E-03  6.4274530E+00    33 2.7E-04 n rl
     2      1  5.5E-03      4  5.0E-02  7.1E-04  6.3914256E+00    33 2.7E-04 sm l
     3      2  1.0E+00      6 (9.9E-08) 3.7E-05 -2.3421988E+00    32 2.7E-04  m
     4     17  3.4E-01     10 (2.7E-07) 1.0E-04 -2.3650225E+00    46 3.3E-04  m
     5      2  1.8E-01     21 (3.3E-07) 7.3E-05 -2.3735854E+00    47 4.6E-04  m
     6      1  1.8E-01     25 (3.3E-07) 7.3E-05 -2.3713585E+00    47 4.7E-04  m
     7      4  2.7E-01     28 (3.4E-07) 3.3E-05 -2.3763588E+00    46 5.0E-04  m
     8      1  7.6E-02     32 (3.2E-07) 3.4E-05 -2.3855711E+00    46 5.0E-04  m
     9      2  2.1E-03     43 (3.2E-07) 3.4E-05 -2.3856250E+00    47 5.0E-04  m

 Major Minors     Step   nCon Feasible  Optimal  MeritFunction    nS Penalty
    10      3  7.8E-04     54 (3.2E-07) 3.7E-05 -2.3856403E+00    47 5.0E-04  m
    11      3  8.1E-03     65 (3.1E-07) 3.2E-05 -2.3874765E+00    47 5.0E-04  m
    12      1  7.0E-06     76 (3.1E-07) 3.2E-05 -2.3874767E+00    47 5.0E-04 n
    13      2  8.7E-07     86 (3.1E-07) 2.8E-05 -2.3874767E+00    48 5.0E-04 n R
    14     33  1.0E+00     87 (3.7E-08) 4.4E-05 -2.3878534E+00    18 7.1E-04 s
    15     27  4.5E-01     89  2.3E-03  2.5E-05 -2.6210302E+00    14 7.1E-04
    16     24  2.2E-03     99  2.3E-03  2.8E-05 -2.6215104E+00    19 7.1E-04
    17     11  1.5E-01    101  2.2E-03  2.6E-05 -2.6496707E+00    17 7.1E-04
    18     12  2.3E-02    111  2.1E-03  3.8E-05 -2.6616078E+00    14 7.1E-04
    19     24  3.7E-04    121  2.1E-03  3.1E-05 -2.6616803E+00    21 7.1E-04

 Major Minors     Step   nCon Feasible  Optimal  MeritFunction    nS Penalty
    20      5  2.8E-05    131  2.1E-03  2.5E-05 -2.6616847E+00    24 7.1E-04
    21      3  2.7E-06    141  2.1E-03  2.9E-05 -2.6616851E+00    22 7.1E-04
    22      2  1.0E-07    151  2.1E-03  2.5E-05 -2.6616851E+00    23 7.1E-04
    23     15  3.7E-01    153  2.1E-03  2.1E-05 -2.7299971E+00    21 7.1E-04
    24      9  1.4E-03    163  2.1E-03  2.5E-05 -2.7313745E+00    16 7.1E-04
    25     17  2.5E-04    173  2.1E-03  2.1E-05 -2.7314044E+00    20 7.1E-04
    26     11  1.2E-02    183  2.1E-03  2.3E-05 -2.7355642E+00    16 7.1E-04
    27     24  4.3E-05    193  2.1E-03  2.2E-05 -2.7355690E+00    20 7.1E-04
    28     20  2.2E-05    203  2.1E-03  2.1E-05 -2.7355711E+00    19 7.1E-04
    29     22  1.8E-07    213  2.1E-03  2.2E-05 -2.7355711E+00    21 7.1E-04

 Major Minors     Step   nCon Feasible  Optimal  MeritFunction    nS Penalty
    30      8  6.0E-02    215  1.9E-03  2.1E-05 -2.7378609E+00    18 7.1E-04
    31     13  1.2E-01    217  1.7E-03  2.1E-05 -2.7469686E+00    17 7.1E-04
    32      9  5.9E-03    227  1.7E-03  2.1E-05 -2.7487195E+00    18 7.1E-04
    33     21  1.6E-04    237  1.7E-03  2.1E-05 -2.7487347E+00    20 7.1E-04
    34     22  2.1E-04    247  1.7E-03  2.1E-05 -2.7487503E+00    18 7.1E-04
    35     17  6.1E-06    257  1.7E-03  2.1E-05 -2.7487509E+00    24 7.1E-04
    36     17  1.7E-01    259  1.4E-03  2.3E-05 -2.7607883E+00    20 7.1E-04
    37     21  3.4E-03    269  1.4E-03  2.1E-05 -2.7621865E+00    19 7.1E-04
    38      1  3.1E-03    279  1.4E-03  2.1E-05 -2.7634420E+00    19 7.1E-04
    39      7  8.6E-04    289  1.4E-03  1.9E-05 -2.7635041E+00    23 7.1E-04

 Major Minors     Step   nCon Feasible  Optimal  MeritFunction    nS Penalty
    40     13  3.4E-05    299  1.4E-03  2.2E-05 -2.7635061E+00    23 7.1E-04
    41     11  2.8E-05    309  1.4E-03  1.9E-05 -2.7635082E+00    23 7.1E-04
    42      8  3.5E-06    319  1.4E-03  1.9E-05 -2.7635084E+00    25 7.1E-04
    43      9  1.0E-06    329  1.4E-03  2.3E-05 -2.7635085E+00    22 7.1E-04
    44     15  4.2E-09    339  1.4E-03  1.9E-05 -2.7635085E+00    23 7.1E-04
    45      6  9.2E-10    349  1.4E-03  1.9E-05 -2.7635085E+00    24 7.1E-04
    46      6  1.7E-10    359  1.4E-03  1.9E-05 -2.7635085E+00    23 7.1E-04
    47      2  2.1E-11    369  1.4E-03  1.9E-05 -2.7635085E+00    24 7.1E-04
    48      2  2.5E-12    377  1.4E-03  1.9E-05 -2.7635085E+00    23 7.1E-04
    49      1  1.0E-12    387  1.4E-03  1.9E-05 -2.7635085E+00    23 7.1E-04
    49     30             394  1.4E-03  3.6E-04 -2.7636080E+00    49           r

 Major Minors     Step   nCon Feasible  Optimal  MeritFunction    nS Penalty
    50     24  1.0E+00    395 (1.6E-10) 1.7E-05 -2.7632153E+00    27 8.8E-07 s
    51      4  1.0E+00    396  1.6E-03 (6.6E-06)-2.8210710E+00    24 8.8E-07
    52      7  8.8E-02    398  1.5E-03 (6.3E-06)-2.8299962E+00    25 8.8E-07
    53      2  4.5E-03    408  1.5E-03 (8.7E-06)-2.8300994E+00    24 8.8E-07
    54     10  1.0E+00    409  1.5E-02 (7.9E-06)-2.8308411E+00    21 8.8E-07
    55      6  1.0E+00    410  6.2E-03 (9.7E-06)-2.8508411E+00    22 8.8E-07
    56      9  1.0E+00    411  1.2E-03  1.1E-05 -2.8639415E+00    20 8.8E-07
    57      3  4.4E-04    421  1.2E-03  1.1E-05 -2.8639727E+00    18 8.8E-07
    58      3  3.5E-06    431  1.2E-03 (9.4E-06)-2.8641745E+00    16 8.8E-07
    59      2  1.4E-07    441  1.2E-03  1.0E-05 -2.8642418E+00    15 8.8E-07
    59     12             446  1.2E-03  3.7E-04 -2.8645382E+00    24           r

 Major Minors     Step   nCon Feasible  Optimal  MeritFunction    nS Penalty
    60     14  2.7E-01    456  9.0E-04  1.1E-05 -2.8620974E+00    14 3.6E-09 s
    61      7  8.2E-05    466  9.0E-04  1.4E-05 -2.8621012E+00    14 3.6E-09
    62     13  1.7E-01    468  7.4E-04  1.4E-05 -2.8673528E+00    16 3.6E-09
    63      8  7.6E-03    478  7.4E-04  1.7E-05 -2.8705546E+00    13 3.6E-09
    64     20  8.7E-04    488  7.4E-04  1.5E-05 -2.8705838E+00    17 3.6E-09
    65      8  1.8E-04    498  7.4E-04  1.5E-05 -2.8705880E+00    16 3.6E-09
    66      4  8.0E-06    508  7.4E-04  1.4E-05 -2.8705882E+00    15 3.6E-09
    67      7  3.8E-07    518  7.4E-04  1.5E-05 -2.8705882E+00    15 3.6E-09
    68      7  2.6E-07    528  7.4E-04  1.5E-05 -2.8705882E+00    17 3.6E-09
    69      3  1.1E-07    538  7.4E-04  1.4E-05 -2.8705882E+00    15 3.6E-09

 Major Minors     Step   nCon Feasible  Optimal  MeritFunction    nS Penalty
    70      8  1.1E-08    548  7.4E-04  1.4E-05 -2.8705882E+00    16 3.6E-09
    71      2  8.2E-09    558  7.4E-04  1.5E-05 -2.8705882E+00    15 3.6E-09
    72      7  1.2E-09    568  7.4E-04  1.5E-05 -2.8705882E+00    17 3.6E-09
    73      3  3.4E-10    578  7.4E-04  1.5E-05 -2.8705882E+00    15 3.6E-09
    74      2  3.9E-11    588  7.4E-04  1.4E-05 -2.8705882E+00    14 3.6E-09
 
 SNOPTA EXIT  40 -- terminated after numerical difficulties
 SNOPTA INFO  41 -- current point cannot be improved

 Problem name                 opt prob
 No. of iterations                 769   Objective value     -2.8729210409E+00
 No. of major iterations            74   Linear objective     0.0000000000E+00
 Penalty parameter           3.596E-09   Nonlinear objective -2.8729210409E+00
 No. of calls to funobj            646   No. of calls to funcon            646
 No. of superbasics                 14   No. of basic nonlinears            34
 No. of degenerate steps             0   Percentage                       0.00
 Max x                       6 1.5E+03   Max pi                    326 1.0E+00
 Max Primal infeas           0 0.0E+00   Max Dual infeas           366 2.9E-05
 Nonlinear constraint violn    4.5E+00
 
 

 Solution printed on file  18
 
 Time for MPS input                             0.00 seconds
 Time for solving problem                     119.53 seconds
 Time for solution output                       0.00 seconds
 Time for constraint functions                130.03 seconds
 Time for objective function                    0.00 seconds
